2017-Dec-15 16:48:15.973328 INFO [simplewallet] Sikabit wallet v0.1.3.3(0.1-g72946d9)
2017-Dec-15 16:48:30.761095 ERROR [simplewallet] Error: failed to load wallet: wallet file 'msa.wallet' is not found
2017-Dec-15 16:48:30.761206 ERROR [simplewallet] Failed to initialize wallet
2017-Dec-15 16:48:30.761781 ERROR [simplewallet] Error: wallet failed to connect to daemon (http://localhost:8058).
2017-Dec-15 16:48:34.060752 INFO [simplewallet] Sikabit wallet v0.1.3.3(0.1-g72946d9)
2017-Dec-15 16:48:48.155404 ERROR [simplewallet] Error: failed to load wallet: wallet file 'msa.wallet' is not found
2017-Dec-15 16:48:48.155505 ERROR [simplewallet] Failed to initialize wallet
2017-Dec-15 16:48:48.156075 ERROR [simplewallet] Error: wallet failed to connect to daemon (http://localhost:8058).
2017-Dec-15 16:48:50.633351 INFO [simplewallet] Sikabit wallet v0.1.3.3(0.1-g72946d9)
2017-Dec-15 16:49:08.072963 ERROR [simplewallet] Error: failed to load wallet: wallet file 'msa.wallet' is not found
2017-Dec-15 16:49:08.073073 ERROR [simplewallet] Failed to initialize wallet
2017-Dec-15 16:49:08.073591 ERROR [simplewallet] Error: wallet failed to connect to daemon (http://localhost:8058).
2017-Dec-15 16:49:10.289172 INFO [simplewallet] Sikabit wallet v0.1.3.3(0.1-g72946d9)
2017-Dec-15 16:49:20.389182 ERROR [simplewallet] Error: failed to load wallet: wallet file 'msa.wallet' is not found
2017-Dec-15 16:49:20.389286 ERROR [simplewallet] Failed to initialize wallet
2017-Dec-15 16:49:20.389784 ERROR [simplewallet] Error: wallet failed to connect to daemon (http://localhost:8058).
2017-Dec-15 16:49:32.316175 INFO [simplewallet] Sikabit wallet v0.1.3.3(0.1-g72946d9)
2017-Dec-15 16:49:42.509727 INFO [simplewallet] Generated new wallet: 8LFCHuFU6vy2EtWJciV59khUYc7wG7VdVVjYSDym1D5QSuprFw4yuciPR92Lq133dnXyuahGbVd3kHphVRYyefVDVJ3n5Lx
2017-Dec-15 16:49:42.509727 INFO [simplewallet] view key: cce7b3f806b4579fd2ce6650bb5022224f851d565b00646c9c566f3e79464a02
2017-Dec-15 16:49:42.510028 INFO [simplewallet] **********************************************************************
Your wallet has been generated.
Use "help" command to see the list of available commands.
Always use "exit" command when closing simplewallet to save
current session's state. Otherwise, you will possibly need to synchronize 
your wallet again. Your wallet key is NOT under risk anyway.
**********************************************************************
2017-Dec-15 16:50:22.076831 ERROR [simplewallet] Error: Failed to invoke rpc method: HTTP status: 3
2017-Dec-15 16:50:38.636292 INFO [simplewallet] Commands: 
  address              Show current wallet public address
  balance              Show current wallet balance
  bc_height            Show blockchain height
  exit                 Close wallet
  help                 Show this help
  incoming_transfers   Show incoming transfers
  list_transfers       Show all known transfers
  payments             payments <payment_id_1> [<payment_id_2> ... <payment_id_N>] - Show payments <payment_id_1>, ... <payment_id_N>
  reset                Discard cache data and start synchronizing from the start
  save                 Save wallet synchronized data
  set_log              set_log <level> - Change current log level, <level> is a number 0-4
  start_mining         start_mining [<number_of_threads>] - Start mining in daemon
  stop_mining          Stop mining in daemon
  transfer             transfer <mixin_count> <addr_1> <amount_1> [<addr_2> <amount_2> ... <addr_N> <amount_N>] [-p payment_id] [-f fee] - Transfer <amount_1>,... <amount_N> to <address_1>,... <address_N>, respectively. <mixin_count> is the number of transactions yours is indistinguishable from (from 0 to maximum available)
  

2017-Dec-15 16:51:14.205659 INFO [simplewallet] No incoming transfers
2017-Dec-15 16:51:26.476145 INFO [simplewallet] No transfers
2017-Dec-15 17:01:35.530291 INFO [simplewallet] available balance: 0.000000, locked amount: 0.000000
